\BOOKMARK [1][-]{section.1}{Introduction}{}% 1
\BOOKMARK [2][-]{subsection.1.1}{Related literature}{section.1}% 2
\BOOKMARK [3][-]{subsubsection.1.1.1}{Brief review of the story of the optimand up to CPT}{subsection.1.1}% 3
\BOOKMARK [3][-]{subsubsection.1.1.2}{Critiques of CPT}{subsection.1.1}% 4
\BOOKMARK [3][-]{subsubsection.1.1.3}{Our contribution to the literature}{subsection.1.1}% 5
\BOOKMARK [3][-]{subsubsection.1.1.4}{Then all the other critiques \(pick an order that makes sense\)}{subsection.1.1}% 6
\BOOKMARK [3][-]{subsubsection.1.1.5}{Ergodicity economics}{subsection.1.1}% 7
\BOOKMARK [1][-]{section.2}{Probability weighting as a difference between models}{}% 8
\BOOKMARK [2][-]{subsection.2.1}{The inverse-S curve}{section.2}% 9
\BOOKMARK [3][-]{subsubsection.2.1.1}{Tversky and Kahneman}{subsection.2.1}% 10
\BOOKMARK [3][-]{subsubsection.2.1.2}{Scale, location, and the inverse-S}{subsection.2.1}% 11
\BOOKMARK [2][-]{subsection.2.2}{Different scales and locations}{section.2}% 12
\BOOKMARK [2][-]{subsection.2.3}{Different shapes}{section.2}% 13
\BOOKMARK [1][-]{section.3}{Reasons for different models}{}% 14
\BOOKMARK [2][-]{subsection.3.1}{Some meanings of ``probability'' }{section.3}% 15
\BOOKMARK [2][-]{subsection.3.2}{Consistent differences between DO and DM }{section.3}% 16
\BOOKMARK [3][-]{subsubsection.3.2.1}{Typical situations of DO and DM: ergodicity}{subsection.3.2}% 17
\BOOKMARK [1][-]{section.4}{Fitting the model to experimental results }{}% 18
\BOOKMARK [1][-]{section.5}{Discussion}{}% 19
\BOOKMARK [1][-]{appendix.A}{Inverse-S from relative errors in probabilities}{}% 20
